C51 COMPILER V9.60.0.0   DELAY                                                             12/29/2025 11:55:48 PAGE 1   


C51 COMPILER V9.60.0.0, COMPILATION OF MODULE DELAY
OBJECT MODULE PLACED IN .\Objects\delay.obj
COMPILER INVOKED BY: F:\Keil_All\Keil_MDK\C51\BIN\C51.EXE delay.c OPTIMIZE(8,SPEED) BROWSE DEBUG OBJECTEXTEND PRINT(.\Li
                    -stings\delay.lst) TABS(2) OBJECT(.\Objects\delay.obj)

line level    source

   1          #include <REGX52.H>
   2          #include <INTRINS.H>
   3          #include "delay.h"
   4          
   5          void Delay(unsigned int xms)  
   6          {
   7   1        unsigned char data i, j;
   8   1        while(xms--)
   9   1        {
  10   2          _nop_();
  11   2          i = 2;
  12   2          j = 199;
  13   2          do
  14   2          {
  15   3            while (--j);
  16   3          } while (--i);
  17   2        }
  18   1      }
  19          


MODULE INFORMATION:   STATIC OVERLAYABLE
   CODE SIZE        =     22    ----
   CONSTANT SIZE    =   ----    ----
   XDATA SIZE       =   ----    ----
   PDATA SIZE       =   ----    ----
   DATA SIZE        =   ----    ----
   IDATA SIZE       =   ----    ----
   BIT SIZE         =   ----    ----
END OF MODULE INFORMATION.


C51 COMPILATION COMPLETE.  0 WARNING(S),  0 ERROR(S)
